<?xml version="1.0" encoding="UTF-8"?>
<!-- Generated by org.testng.reporters.JUnitReportReporter -->
<testsuite skipped="0" hostname="DESKTOP-BGMB1MA" name="com.ubsdemo.testcases.RestAssuredTC" tests="3" failures="0" timestamp="2021-12-05T18:39:53 IST" time="3.360" errors="0">
  <testcase name="putAPIExecution" time="2.001" classname="com.ubsdemo.testcases.RestAssuredTC"/>
  <system-out/>
  <testcase name="getAPIExecution" time="0.672" classname="com.ubsdemo.testcases.RestAssuredTC"/>
  <system-out/>
  <testcase name="postAPIExecution" time="0.687" classname="com.ubsdemo.testcases.RestAssuredTC"/>
  <system-out/>
</testsuite> <!-- com.ubsdemo.testcases.RestAssuredTC -->
