<?xml version="1.0" encoding="UTF-8"?>
<!-- Generated by org.testng.reporters.JUnitReportReporter -->
<testsuite skipped="2" hostname="DESKTOP-BGMB1MA" name="com.ubsdemo.testcases.WindowsPageTest" tests="3" failures="0" timestamp="2021-12-05T10:02:24 IST" time="31.616" errors="0">
  <testcase name="browserWindowTest" time="31.616" classname="com.ubsdemo.testcases.WindowsPageTest"/>
  <system-out/>
  <testcase name="browserTabTest" classname="com.ubsdemo.testcases.WindowsPageTest">
    <skipped/>
  </testcase> <!-- browserTabTest -->
  <system-out/>
  <testcase name="messageWindowTest" classname="com.ubsdemo.testcases.WindowsPageTest">
    <skipped/>
  </testcase> <!-- messageWindowTest -->
  <system-out/>
</testsuite> <!-- com.ubsdemo.testcases.WindowsPageTest -->
